<?xml version="1.0" encoding="UTF-8"?>
<!-- Generated by org.testng.reporters.JUnitReportReporter -->
<testsuite hostname="ZAOMPEUCV0049" failures="0" tests="1" name="com.npw.testscripts.ra.VerifyApplicationBrokenLinks" time="0.731" errors="0" timestamp="2020-05-25T19:44:20 SAST" skipped="0">
  <testcase classname="com.npw.testscripts.ra.VerifyApplicationBrokenLinks" name="VerifyBrokenLinks" time="0.731"/>
  <system-out/>
</testsuite> <!-- com.npw.testscripts.ra.VerifyApplicationBrokenLinks -->
