<?xml version="1.0" encoding="UTF-8"?>
<!-- Generated by org.testng.reporters.JUnitReportReporter -->
<testsuite hostname="ZAOMPEUCV0049" failures="0" tests="1" name="com.npw.testscripts.ra.TC_05_VerifyNPWLinks" time="24.901" errors="0" timestamp="2020-08-24T11:07:31 SAST" skipped="0">
  <testcase classname="com.npw.testscripts.ra.TC_05_VerifyNPWLinks" name="verifyLinks" time="24.901"/>
  <system-out/>
</testsuite> <!-- com.npw.testscripts.ra.TC_05_VerifyNPWLinks -->
