<?xml version="1.0" encoding="UTF-8"?>
<!-- Generated by org.testng.reporters.JUnitReportReporter -->
<testsuite hostname="ZAOMPEUCV0049" failures="0" tests="1" name="com.npw.testscripts.ra.OpenHomePage" time="12.207" errors="0" timestamp="2020-07-27T15:23:07 SAST" skipped="0">
  <testcase classname="com.npw.testscripts.ra.OpenHomePage" name="OpenHome" time="12.207"/>
  <system-out/>
</testsuite> <!-- com.npw.testscripts.ra.OpenHomePage -->
