<?xml version="1.0" encoding="UTF-8"?>
<!-- Generated by org.testng.reporters.JUnitReportReporter -->
<testsuite hostname="ZAOMPEUCV0049" failures="0" tests="1" name="com.npw.testscripts.Generic.TC01_Redirects" time="2485.468" errors="0" timestamp="2020-09-02T16:05:30 SAST" skipped="0">
  <testcase classname="com.npw.testscripts.Generic.TC01_Redirects" name="VerifyRedirects" time="2485.468"/>
  <system-out/>
</testsuite> <!-- com.npw.testscripts.Generic.TC01_Redirects -->
