<?xml version="1.0" encoding="UTF-8"?>
<!-- Generated by org.testng.reporters.JUnitReportReporter -->
<testsuite hostname="ZAOMPEUCV0049" failures="0" tests="1" name="com.npw.testscripts.Generic.TC01_TestAPI" time="11.082" errors="0" timestamp="2020-09-10T08:36:49 SAST" skipped="0">
  <testcase classname="com.npw.testscripts.Generic.TC01_TestAPI" name="API" time="11.082"/>
  <system-out/>
</testsuite> <!-- com.npw.testscripts.Generic.TC01_TestAPI -->
