<?xml version="1.0" encoding="UTF-8"?>
<!-- Generated by org.testng.reporters.JUnitReportReporter -->
<testsuite hostname="ZAOMPEUCV0049" failures="0" tests="1" name="com.npw.testscripts.ra.EasyPlusRates" time="15454.105" errors="0" timestamp="2020-07-01T02:46:56 SAST" skipped="0">
  <testcase classname="com.npw.testscripts.ra.EasyPlusRates" name="easyplusrates" time="15454.105"/>
  <system-out/>
</testsuite> <!-- com.npw.testscripts.ra.EasyPlusRates -->
