<?xml version="1.0" encoding="UTF-8"?>
<!-- Generated by org.testng.reporters.JUnitReportReporter -->
<testsuite hostname="ZAOMPEUCV0049" failures="0" tests="1" name="com.npw.testscripts.Generic.TC01_TestAPI" time="9.899" errors="0" timestamp="2020-09-30T10:56:41 SAST" skipped="0">
  <testcase classname="com.npw.testscripts.Generic.TC01_TestAPI" name="API" time="9.899"/>
  <system-out/>
</testsuite> <!-- com.npw.testscripts.Generic.TC01_TestAPI -->
