<?xml version="1.0" encoding="UTF-8"?>
<!-- Generated by org.testng.reporters.JUnitReportReporter -->
<testsuite hostname="ZAOMPEUCV0049" failures="0" tests="1" name="com.npw.testscripts.ra.Verify_EMS_Images" time="61.566" errors="0" timestamp="2020-08-24T11:05:08 SAST" skipped="0">
  <testcase classname="com.npw.testscripts.ra.Verify_EMS_Images" name="VerifyEMSImages" time="61.566"/>
  <system-out/>
</testsuite> <!-- com.npw.testscripts.ra.Verify_EMS_Images -->
