<?xml version="1.0" encoding="UTF-8"?>
<!-- Generated by org.testng.reporters.JUnitReportReporter -->
<testsuite hostname="ZAOMPEUCV0049" failures="0" tests="1" name="com.npw.testscripts.ra.Verify_All_Funds_Fund_Center" time="91.061" errors="0" timestamp="2020-07-27T12:55:15 SAST" skipped="0">
  <testcase classname="com.npw.testscripts.ra.Verify_All_Funds_Fund_Center" name="VerifyFunds" time="91.061"/>
  <system-out/>
</testsuite> <!-- com.npw.testscripts.ra.Verify_All_Funds_Fund_Center -->
