<?xml version="1.0" encoding="UTF-8"?>
<!-- Generated by org.testng.reporters.JUnitReportReporter -->
<testsuite hostname="ZAOMPEUCV0049" failures="0" tests="1" name="com.npw.testscript.BAU.TC01_Personal_Loan_Calcutalor" time="11.580" errors="0" timestamp="2020-09-02T09:15:26 SAST" skipped="0">
  <testcase classname="com.npw.testscript.BAU.TC01_Personal_Loan_Calcutalor" name="TC_VerifyCalculations" time="11.580"/>
  <system-out/>
</testsuite> <!-- com.npw.testscript.BAU.TC01_Personal_Loan_Calcutalor -->
