<?xml version="1.0" encoding="UTF-8"?>
<!-- Generated by org.testng.reporters.JUnitReportReporter -->
<testsuite hostname="ZAOMPEUCV0049" failures="0" tests="1" name="com.npw.testscripts.ra.Verify_IncomeTax_Calculator" time="853.621" errors="0" timestamp="2020-08-21T12:50:49 SAST" skipped="0">
  <testcase classname="com.npw.testscripts.ra.Verify_IncomeTax_Calculator" name="IncomeTaxCalculator" time="853.621"/>
  <system-out/>
</testsuite> <!-- com.npw.testscripts.ra.Verify_IncomeTax_Calculator -->
