<?xml version="1.0" encoding="UTF-8"?>
<!-- Generated by org.testng.reporters.JUnitReportReporter -->
<testsuite hostname="ZAOMPEUCV0049" failures="0" tests="1" name="com.npw.smoke.NPW.TC_01_CheckHomePage" time="144.038" errors="0" timestamp="2021-01-04T15:36:03 SAST" skipped="0">
  <testcase classname="com.npw.smoke.NPW.TC_01_CheckHomePage" name="ChechPage" time="144.038"/>
  <system-out/>
</testsuite> <!-- com.npw.smoke.NPW.TC_01_CheckHomePage -->
